[GIN-debug] [WARNING] Running in "debug" mode. Switch to "release" mode in production.
 - using env:	export GIN_MODE=release
 - using code:	gin.SetMode(gin.ReleaseMode)

[GIN-debug] GET    /css/*filepath            --> github.com/gin-gonic/gin.(*RouterGroup).createStaticHandler.func1 (1 handlers)
[GIN-debug] HEAD   /css/*filepath            --> github.com/gin-gonic/gin.(*RouterGroup).createStaticHandler.func1 (1 handlers)
[GIN-debug] Loaded HTML Templates (4): 
	- 
	- footer.html
	- header.html
	- index.html

[GIN-debug] GET    /api/videos               --> main.main.func1 (4 handlers)
[GIN-debug] POST   /api/videos               --> main.main.func2 (4 handlers)
[GIN-debug] GET    /view/videos              --> github.com/nhatvu148/go-http/controller.VideoController.ShowAll-fm (4 handlers)
[GIN-debug] GET    /test                     --> main.main.func3 (4 handlers)
[GIN-debug] Listening and serving HTTP on :8080
127.0.0.1 - [21 Aug 21 18:32 JST] POST /api/videos 200 245.846µs 
127.0.0.1 - [21 Aug 21 18:32 JST] POST /api/videos 200 75.327µs 
127.0.0.1 - [21 Aug 21 18:32 JST] POST /api/videos 200 177.399µs 
127.0.0.1 - [21 Aug 21 18:32 JST] POST /api/videos 200 236.387µs 
::1 - [21 Aug 21 18:32 JST] GET /view/videos 200 1.112614ms 
::1 - [21 Aug 21 18:32 JST] GET /favicon.ico 404 225.433µs 
